{
  "stats": {
    "suites": 1,
    "tests": 8,
    "passes": 8,
    "pending": 0,
    "failures": 0,
    "start": "2023-04-16T21:19:45.067Z",
    "end": "2023-04-16T21:20:01.342Z",
    "duration": 16275,
    "testsRegistered": 8,
    "passPercent": 100,
    "pendingPercent": 0,
    "other": 0,
    "hasOther": false,
    "skipped": 0,
    "hasSkipped": false
  },
  "results": [
    {
      "uuid": "526e414f-5580-4c17-ae55-73be80f05409",
      "title": "",
      "fullFile": "cypress/e2e/fitPredictor/tests/resolutions.cy.ts",
      "file": "cypress/e2e/fitPredictor/tests/resolutions.cy.ts",
      "beforeHooks": [],
      "afterHooks": [],
      "tests": [],
      "suites": [
        {
          "uuid": "ab03ad6f-c085-4654-a464-8cebbc1029cc",
          "title": "Fit Predictor presence",
          "fullFile": "",
          "file": "",
          "beforeHooks": [],
          "afterHooks": [],
          "tests": [
            {
              "title": "should be visible on samsung-s10 screens",
              "fullTitle": "Fit Predictor presence should be visible on samsung-s10 screens",
              "timedOut": null,
              "duration": 2312,
              "state": "passed",
              "speed": "fast",
              "pass": true,
              "fail": false,
              "pending": false,
              "context": null,
              "code": "return testCallback.call(this, value)",
              "err": {},
              "uuid": "a4fe984d-783d-4545-91d4-0f87a2bb4870",
              "parentUUID": "ab03ad6f-c085-4654-a464-8cebbc1029cc",
              "isHook": false,
              "skipped": false
            },
            {
              "title": "should be visible on iphone-xr screens",
              "fullTitle": "Fit Predictor presence should be visible on iphone-xr screens",
              "timedOut": null,
              "duration": 1627,
              "state": "passed",
              "speed": "fast",
              "pass": true,
              "fail": false,
              "pending": false,
              "context": null,
              "code": "return testCallback.call(this, value)",
              "err": {},
              "uuid": "4e0a76c6-ab7c-4229-b264-bb49f1d9748a",
              "parentUUID": "ab03ad6f-c085-4654-a464-8cebbc1029cc",
              "isHook": false,
              "skipped": false
            },
            {
              "title": "should be visible on iphone-se2 screens",
              "fullTitle": "Fit Predictor presence should be visible on iphone-se2 screens",
              "timedOut": null,
              "duration": 2145,
              "state": "passed",
              "speed": "fast",
              "pass": true,
              "fail": false,
              "pending": false,
              "context": null,
              "code": "return testCallback.call(this, value)",
              "err": {},
              "uuid": "f6e67ea6-059a-4221-b701-39abdd12ec98",
              "parentUUID": "ab03ad6f-c085-4654-a464-8cebbc1029cc",
              "isHook": false,
              "skipped": false
            },
            {
              "title": "should be visible on iphone-5 screens",
              "fullTitle": "Fit Predictor presence should be visible on iphone-5 screens",
              "timedOut": null,
              "duration": 2751,
              "state": "passed",
              "speed": "fast",
              "pass": true,
              "fail": false,
              "pending": false,
              "context": null,
              "code": "return testCallback.call(this, value)",
              "err": {},
              "uuid": "b80dc407-00b2-43c5-b602-cfd6c7b143a2",
              "parentUUID": "ab03ad6f-c085-4654-a464-8cebbc1029cc",
              "isHook": false,
              "skipped": false
            },
            {
              "title": "should be visible on macbook-11 screens",
              "fullTitle": "Fit Predictor presence should be visible on macbook-11 screens",
              "timedOut": null,
              "duration": 1770,
              "state": "passed",
              "speed": "fast",
              "pass": true,
              "fail": false,
              "pending": false,
              "context": null,
              "code": "return testCallback.call(this, value)",
              "err": {},
              "uuid": "e866c4d6-d771-4449-a9db-e766392599e9",
              "parentUUID": "ab03ad6f-c085-4654-a464-8cebbc1029cc",
              "isHook": false,
              "skipped": false
            },
            {
              "title": "should be visible on macbook-13 screens",
              "fullTitle": "Fit Predictor presence should be visible on macbook-13 screens",
              "timedOut": null,
              "duration": 1922,
              "state": "passed",
              "speed": "fast",
              "pass": true,
              "fail": false,
              "pending": false,
              "context": null,
              "code": "return testCallback.call(this, value)",
              "err": {},
              "uuid": "f768ba9d-e23b-488c-8081-b535470d5b3b",
              "parentUUID": "ab03ad6f-c085-4654-a464-8cebbc1029cc",
              "isHook": false,
              "skipped": false
            },
            {
              "title": "should be visible on macbook-15 screens",
              "fullTitle": "Fit Predictor presence should be visible on macbook-15 screens",
              "timedOut": null,
              "duration": 1823,
              "state": "passed",
              "speed": "fast",
              "pass": true,
              "fail": false,
              "pending": false,
              "context": null,
              "code": "return testCallback.call(this, value)",
              "err": {},
              "uuid": "58910a7e-3022-4d67-8002-2c57043d2919",
              "parentUUID": "ab03ad6f-c085-4654-a464-8cebbc1029cc",
              "isHook": false,
              "skipped": false
            },
            {
              "title": "should be visible on macbook-16 screens",
              "fullTitle": "Fit Predictor presence should be visible on macbook-16 screens",
              "timedOut": null,
              "duration": 1816,
              "state": "passed",
              "speed": "fast",
              "pass": true,
              "fail": false,
              "pending": false,
              "context": null,
              "code": "return testCallback.call(this, value)",
              "err": {},
              "uuid": "5462501b-1480-4147-a379-d9407f4dabb9",
              "parentUUID": "ab03ad6f-c085-4654-a464-8cebbc1029cc",
              "isHook": false,
              "skipped": false
            }
          ],
          "suites": [],
          "passes": [
            "a4fe984d-783d-4545-91d4-0f87a2bb4870",
            "4e0a76c6-ab7c-4229-b264-bb49f1d9748a",
            "f6e67ea6-059a-4221-b701-39abdd12ec98",
            "b80dc407-00b2-43c5-b602-cfd6c7b143a2",
            "e866c4d6-d771-4449-a9db-e766392599e9",
            "f768ba9d-e23b-488c-8081-b535470d5b3b",
            "58910a7e-3022-4d67-8002-2c57043d2919",
            "5462501b-1480-4147-a379-d9407f4dabb9"
          ],
          "failures": [],
          "pending": [],
          "skipped": [],
          "duration": 16166,
          "root": false,
          "rootEmpty": false,
          "_timeout": 2000
        }
      ],
      "passes": [],
      "failures": [],
      "pending": [],
      "skipped": [],
      "duration": 0,
      "root": true,
      "rootEmpty": true,
      "_timeout": 2000
    }
  ],
  "meta": {
    "mocha": {
      "version": "7.0.1"
    },
    "mochawesome": {
      "options": {
        "quiet": false,
        "reportFilename": "mochawesome",
        "saveHtml": true,
        "saveJson": true,
        "consoleReporter": "spec",
        "useInlineDiffs": false,
        "code": true
      },
      "version": "6.2.2"
    },
    "marge": {
      "options": {
        "reportDir": "cypress/reports/integration",
        "overwrite": false,
        "html": true,
        "json": true
      },
      "version": "5.2.0"
    }
  }
}